<?xml version="1.0" encoding="UTF-8"?>
<testsuite name="raflms.teacherstub.api.StudentApiTest" tests="1" skipped="0" failures="1" errors="0" timestamp="2026-01-04T22:19:27.704Z" hostname="bojana-Laptop" time="0.164">
  <properties/>
  <testcase name="testRegisterStudentsForTest()" classname="raflms.teacherstub.api.StudentApiTest" time="0.164">
    <failure message="org.springframework.web.client.ResourceAccessException: I/O error on POST request for &quot;http://localhost:8091/student/registerallfortest&quot;: null" type="org.springframework.web.client.ResourceAccessException">org.springframework.web.client.ResourceAccessException: I/O error on POST request for &quot;http://localhost:8091/student/registerallfortest&quot;: null
	at app//org.springframework.web.client.DefaultRestClient$DefaultRequestBodyUriSpec.createResourceAccessException(DefaultRestClient.java:557)
	at app//org.springframework.web.client.DefaultRestClient$DefaultRequestBodyUriSpec.exchangeInternal(DefaultRestClient.java:482)
	at app//org.springframework.web.client.DefaultRestClient$DefaultRequestBodyUriSpec.retrieve(DefaultRestClient.java:444)
	at app//raflms.teacherstub.restclient.StudentRestClient.registerStudentsForTest(StudentRestClient.java:44)
	at app//raflms.teacherstub.api.TeacherStubService.registerStudentsForTest(TeacherStubService.java:46)
	at app//raflms.teacherstub.api.StudentApiTest.testRegisterStudentsForTest(StudentApiTest.java:31)
	at java.base@21.0.9/java.lang.reflect.Method.invoke(Method.java:580)
	at java.base@21.0.9/java.util.ArrayList.forEach(ArrayList.java:1596)
	at java.base@21.0.9/java.util.ArrayList.forEach(ArrayList.java:1596)
Caused by: java.net.ConnectException
	at java.net.http/jdk.internal.net.http.HttpClientImpl.send(HttpClientImpl.java:955)
	at java.net.http/jdk.internal.net.http.HttpClientFacade.send(HttpClientFacade.java:133)
	at org.springframework.http.client.JdkClientHttpRequest.executeInternal(JdkClientHttpRequest.java:102)
	at org.springframework.http.client.AbstractStreamingClientHttpRequest.executeInternal(AbstractStreamingClientHttpRequest.java:70)
	at org.springframework.http.client.AbstractClientHttpRequest.execute(AbstractClientHttpRequest.java:66)
	at org.springframework.web.client.DefaultRestClient$DefaultRequestBodyUriSpec.exchangeInternal(DefaultRestClient.java:476)
	... 7 more
Caused by: java.net.ConnectException
	at java.net.http/jdk.internal.net.http.common.Utils.toConnectException(Utils.java:1065)
	at java.net.http/jdk.internal.net.http.PlainHttpConnection.connectAsync(PlainHttpConnection.java:227)
	at java.net.http/jdk.internal.net.http.PlainHttpConnection.checkRetryConnect(PlainHttpConnection.java:280)
	at java.net.http/jdk.internal.net.http.PlainHttpConnection.lambda$connectAsync$2(PlainHttpConnection.java:238)
	at java.base/java.util.concurrent.CompletableFuture.uniHandle(CompletableFuture.java:934)
	at java.base/java.util.concurrent.CompletableFuture$UniHandle.tryFire(CompletableFuture.java:911)
	at java.base/java.util.concurrent.CompletableFuture.postComplete(CompletableFuture.java:510)
	at java.base/java.util.concurrent.CompletableFuture$AsyncSupply.run(CompletableFuture.java:1773)
	at java.base/java.util.concurrent.ThreadPoolExecutor.runWorker(ThreadPoolExecutor.java:1144)
	at java.base/java.util.concurrent.ThreadPoolExecutor$Worker.run(ThreadPoolExecutor.java:642)
	at java.base/java.lang.Thread.run(Thread.java:1583)
Caused by: java.nio.channels.ClosedChannelException
	at java.base/sun.nio.ch.SocketChannelImpl.ensureOpen(SocketChannelImpl.java:202)
	at java.base/sun.nio.ch.SocketChannelImpl.beginConnect(SocketChannelImpl.java:786)
	at java.base/sun.nio.ch.SocketChannelImpl.connect(SocketChannelImpl.java:874)
	at java.net.http/jdk.internal.net.http.PlainHttpConnection.lambda$connectAsync$1(PlainHttpConnection.java:210)
	at java.base/java.security.AccessController.doPrivileged(AccessController.java:571)
	at java.net.http/jdk.internal.net.http.PlainHttpConnection.connectAsync(PlainHttpConnection.java:212)
	... 9 more
</failure>
  </testcase>
  <system-out><![CDATA[]]></system-out>
  <system-err><![CDATA[SLF4J(W): No SLF4J providers were found.
SLF4J(W): Defaulting to no-operation (NOP) logger implementation
SLF4J(W): See https://www.slf4j.org/codes.html#noProviders for further details.
]]></system-err>
</testsuite>
